<?xml version="1.0" encoding="UTF-8"?>
<testsuite xmlns:xsi="http://www.w3.org/2001/XMLSchema-instance" xsi:noNamespaceSchemaLocation="https://maven.apache.org/surefire/maven-surefire-plugin/xsd/surefire-test-report-3.0.xsd" version="3.0" name="com.example.TriangleTest" time="1.13" tests="9" errors="0" skipped="0" failures="0">
  <properties>
    <property name="java.specification.version" value="17"/>
    <property name="sun.jnu.encoding" value="UTF-8"/>
    <property name="java.class.path" value="/home/trg1/NEW/COMS_417/HW4/triangle-example/target/test-classes:/home/trg1/NEW/COMS_417/HW4/triangle-example/target/classes:/home/trg1/.m2/repository/junit/junit/4.11/junit-4.11.jar:/home/trg1/.m2/repository/org/hamcrest/hamcrest-core/1.3/hamcrest-core-1.3.jar:"/>
    <property name="java.vm.vendor" value="Red Hat, Inc."/>
    <property name="sun.arch.data.model" value="64"/>
    <property name="java.vendor.url" value="https://www.redhat.com/"/>
    <property name="os.name" value="Linux"/>
    <property name="java.vm.specification.version" value="17"/>
    <property name="sun.java.launcher" value="SUN_STANDARD"/>
    <property name="user.country" value="US"/>
    <property name="sun.boot.library.path" value="/usr/lib/jvm/java-17-openjdk-17.0.9.0.9-3.fc39.x86_64/lib"/>
    <property name="sun.java.command" value="/home/trg1/NEW/COMS_417/HW4/triangle-example/target/surefire/surefirebooter-20240416211442691_3.jar /home/trg1/NEW/COMS_417/HW4/triangle-example/target/surefire 2024-04-16T21-14-41_712-jvmRun1 surefire-20240416211442691_1tmp surefire_0-20240416211442691_2tmp"/>
    <property name="jdk.debug" value="release"/>
    <property name="surefire.test.class.path" value="/home/trg1/NEW/COMS_417/HW4/triangle-example/target/test-classes:/home/trg1/NEW/COMS_417/HW4/triangle-example/target/classes:/home/trg1/.m2/repository/junit/junit/4.11/junit-4.11.jar:/home/trg1/.m2/repository/org/hamcrest/hamcrest-core/1.3/hamcrest-core-1.3.jar:"/>
    <property name="sun.cpu.endian" value="little"/>
    <property name="user.home" value="/home/trg1"/>
    <property name="user.language" value="en"/>
    <property name="java.specification.vendor" value="Oracle Corporation"/>
    <property name="java.version.date" value="2023-10-17"/>
    <property name="java.home" value="/usr/lib/jvm/java-17-openjdk-17.0.9.0.9-3.fc39.x86_64"/>
    <property name="file.separator" value="/"/>
    <property name="basedir" value="/home/trg1/NEW/COMS_417/HW4/triangle-example"/>
    <property name="java.vm.compressedOopsMode" value="32-bit"/>
    <property name="line.separator" value="&#10;"/>
    <property name="java.vm.specification.vendor" value="Oracle Corporation"/>
    <property name="java.specification.name" value="Java Platform API Specification"/>
    <property name="surefire.real.class.path" value="/home/trg1/NEW/COMS_417/HW4/triangle-example/target/surefire/surefirebooter-20240416211442691_3.jar"/>
    <property name="sun.management.compiler" value="HotSpot 64-Bit Tiered Compilers"/>
    <property name="java.runtime.version" value="17.0.9+9"/>
    <property name="user.name" value="trg1"/>
    <property name="path.separator" value=":"/>
    <property name="os.version" value="6.8.4-200.fc39.x86_64"/>
    <property name="java.runtime.name" value="OpenJDK Runtime Environment"/>
    <property name="file.encoding" value="UTF-8"/>
    <property name="java.vm.name" value="OpenJDK 64-Bit Server VM"/>
    <property name="java.vendor.version" value="(Red_Hat-17.0.9.0.9-4)"/>
    <property name="localRepository" value="/home/trg1/.m2/repository"/>
    <property name="java.vendor.url.bug" value="https://bugzilla.redhat.com/enter_bug.cgi?product=Fedora&amp;component=java-17-openjdk&amp;version=38"/>
    <property name="java.io.tmpdir" value="/tmp"/>
    <property name="java.version" value="17.0.9"/>
    <property name="user.dir" value="/home/trg1/NEW/COMS_417/HW4/triangle-example"/>
    <property name="os.arch" value="amd64"/>
    <property name="java.vm.specification.name" value="Java Virtual Machine Specification"/>
    <property name="native.encoding" value="UTF-8"/>
    <property name="java.library.path" value="/usr/java/packages/lib:/usr/lib64:/lib64:/lib:/usr/lib"/>
    <property name="java.vm.info" value="mixed mode, sharing"/>
    <property name="java.vendor" value="Red Hat, Inc."/>
    <property name="java.vm.version" value="17.0.9+9"/>
    <property name="sun.io.unicode.encoding" value="UnicodeLittle"/>
    <property name="java.class.version" value="61.0"/>
  </properties>
  <testcase name="testInvalidNeg1" classname="com.example.TriangleTest" time="0.146"/>
  <testcase name="testInvalidNeg3" classname="com.example.TriangleTest" time="0"/>
  <testcase name="testEquiliteral" classname="com.example.TriangleTest" time="0"/>
  <testcase name="test1" classname="com.example.TriangleTest" time="0"/>
  <testcase name="testIsoceles1" classname="com.example.TriangleTest" time="0"/>
  <testcase name="testBoost1" classname="com.example.TriangleTest" time="0"/>
  <testcase name="testBoost2" classname="com.example.TriangleTest" time="0"/>
  <testcase name="testBoost3" classname="com.example.TriangleTest" time="0"/>
  <testcase name="testInvalid1" classname="com.example.TriangleTest" time="0"/>
</testsuite>